2022-10-27 17:55:29,078 [main] INFO  com.example.demo.DemoApplication(logStarting:55) - Starting DemoApplication using Java 11 on RTNB119 with PID 8864 (D:\spring-study\demo\build\classes\java\main started by sunshine4437 in D:\spring-study\demo)
2022-10-27 17:55:29,085 [main] INFO  com.example.demo.DemoApplication(logStartupProfileInfo:634) - No active profile set, falling back to 1 default profile: "default"
2022-10-27 17:55:29,591 [main] INFO  org.springframework.data.repository.config.RepositoryConfigurationDelegate(registerRepositoriesIn:132) - Bootstrapping Spring Data JDBC repositories in DEFAULT mode.
2022-10-27 17:55:29,601 [main] INFO  org.springframework.data.repository.config.RepositoryConfigurationDelegate(registerRepositoriesIn:201) - Finished Spring Data repository scanning in 6 ms. Found 0 JDBC repository interfaces.
2022-10-27 17:55:30,077 [main] INFO  org.springframework.boot.web.embedded.tomcat.TomcatWebServer(initialize:108) - Tomcat initialized with port(s): 8080 (http)
2022-10-27 17:55:30,154 [main] INFO  org.springframework.boot.web.servlet.context.ServletWebServerApplicationContext(prepareWebApplicationContext:292) - Root WebApplicationContext: initialization completed in 1037 ms
2022-10-27 17:55:30,459 [main] INFO  org.springframework.security.web.DefaultSecurityFilterChain(<init>:55) - Will secure any request with [org.springframework.security.web.session.DisableEncodeUrlFilter@23b1aa9, org.springframework.security.web.context.request.async.WebAsyncManagerIntegrationFilter@54489296, org.springframework.security.web.context.SecurityContextPersistenceFilter@7bf018dd, org.springframework.security.web.header.HeaderWriterFilter@a056b26, org.springframework.security.web.authentication.logout.LogoutFilter@6bf570c, org.springframework.security.web.authentication.UsernamePasswordAuthenticationFilter@7de147e9, org.springframework.security.web.savedrequest.RequestCacheAwareFilter@3f6c2763, org.springframework.security.web.servletapi.SecurityContextHolderAwareRequestFilter@2a484710, org.springframework.security.web.authentication.AnonymousAuthenticationFilter@4e8598d9, org.springframework.security.web.session.SessionManagementFilter@250967f1, org.springframework.security.web.access.ExceptionTranslationFilter@4e974b9e, org.springframework.security.web.access.intercept.AuthorizationFilter@200d1a3d]
2022-10-27 17:55:30,465 [main] WARN  org.springframework.security.config.annotation.web.builders.WebSecurity(performBuild:305) - You are asking Spring Security to ignore Ant [pattern='/static/**']. This is not recommended -- please use permitAll via HttpSecurity#authorizeHttpRequests instead.
2022-10-27 17:55:30,465 [main] INFO  org.springframework.security.web.DefaultSecurityFilterChain(<init>:52) - Will not secure Ant [pattern='/static/**']
2022-10-27 17:55:30,697 [main] INFO  org.springframework.boot.autoconfigure.web.servlet.WelcomePageHandlerMapping(<init>:57) - Adding welcome page template: index
2022-10-27 17:55:31,231 [main] INFO  org.springframework.boot.web.embedded.tomcat.TomcatWebServer(start:220) - Tomcat started on port(s): 8080 (http) with context path ''
2022-10-27 17:55:31,241 [main] INFO  com.example.demo.DemoApplication(logStarted:61) - Started DemoApplication in 2.454 seconds (JVM running for 3.34)
2022-10-27 17:58:33,168 [main] INFO  com.example.demo.DemoApplication(logStarting:55) - Starting DemoApplication using Java 11 on RTNB119 with PID 24500 (D:\spring-study\demo\build\classes\java\main started by sunshine4437 in D:\spring-study\demo)
2022-10-27 17:58:33,174 [main] INFO  com.example.demo.DemoApplication(logStartupProfileInfo:634) - No active profile set, falling back to 1 default profile: "default"
2022-10-27 17:58:33,654 [main] INFO  org.springframework.data.repository.config.RepositoryConfigurationDelegate(registerRepositoriesIn:132) - Bootstrapping Spring Data JDBC repositories in DEFAULT mode.
2022-10-27 17:58:33,663 [main] INFO  org.springframework.data.repository.config.RepositoryConfigurationDelegate(registerRepositoriesIn:201) - Finished Spring Data repository scanning in 6 ms. Found 0 JDBC repository interfaces.
2022-10-27 17:58:34,133 [main] INFO  org.springframework.boot.web.embedded.tomcat.TomcatWebServer(initialize:108) - Tomcat initialized with port(s): 8080 (http)
2022-10-27 17:58:34,210 [main] INFO  org.springframework.boot.web.servlet.context.ServletWebServerApplicationContext(prepareWebApplicationContext:292) - Root WebApplicationContext: initialization completed in 996 ms
2022-10-27 17:58:34,516 [main] INFO  org.springframework.security.web.DefaultSecurityFilterChain(<init>:55) - Will secure any request with [org.springframework.security.web.session.DisableEncodeUrlFilter@402b4f81, org.springframework.security.web.context.request.async.WebAsyncManagerIntegrationFilter@13ef7fa1, org.springframework.security.web.context.SecurityContextPersistenceFilter@25c1f5ee, org.springframework.security.web.header.HeaderWriterFilter@2a04ab05, org.springframework.security.web.authentication.logout.LogoutFilter@54895681, org.springframework.security.web.authentication.UsernamePasswordAuthenticationFilter@589fb74d, org.springframework.security.web.savedrequest.RequestCacheAwareFilter@7bf018dd, org.springframework.security.web.servletapi.SecurityContextHolderAwareRequestFilter@274fdea6, org.springframework.security.web.authentication.AnonymousAuthenticationFilter@23b1aa9, org.springframework.security.web.session.SessionManagementFilter@a056b26, org.springframework.security.web.access.ExceptionTranslationFilter@7ae590f6, org.springframework.security.web.access.intercept.AuthorizationFilter@7f12094d]
2022-10-27 17:58:34,523 [main] WARN  org.springframework.security.config.annotation.web.builders.WebSecurity(performBuild:305) - You are asking Spring Security to ignore Ant [pattern='/static/**']. This is not recommended -- please use permitAll via HttpSecurity#authorizeHttpRequests instead.
2022-10-27 17:58:34,523 [main] INFO  org.springframework.security.web.DefaultSecurityFilterChain(<init>:52) - Will not secure Ant [pattern='/static/**']
2022-10-27 17:58:34,757 [main] INFO  org.springframework.boot.autoconfigure.web.servlet.WelcomePageHandlerMapping(<init>:57) - Adding welcome page template: index
2022-10-27 17:58:35,286 [main] INFO  org.springframework.boot.web.embedded.tomcat.TomcatWebServer(start:220) - Tomcat started on port(s): 8080 (http) with context path ''
2022-10-27 17:58:35,295 [main] INFO  com.example.demo.DemoApplication(logStarted:61) - Started DemoApplication in 2.445 seconds (JVM running for 3.347)
