2022-10-27 15:45:13  INFO [com.example.demo.DemoApplication] Starting DemoApplication using Java 11 on RTNB119 with PID 8164 (D:\spring-study\demo\build\classes\java\main started by sunshine4437 in D:\spring-study\demo)
2022-10-27 15:45:13  INFO [com.example.demo.DemoApplication] No active profile set, falling back to 1 default profile: "default"
2022-10-27 15:45:13  INFO [org.springframework.data.repository.config.RepositoryConfigurationDelegate] Bootstrapping Spring Data JDBC repositories in DEFAULT mode.
2022-10-27 15:45:13  INFO [org.springframework.data.repository.config.RepositoryConfigurationDelegate] Finished Spring Data repository scanning in 6 ms. Found 0 JDBC repository interfaces.
2022-10-27 15:45:13  INFO [org.springframework.boot.web.embedded.tomcat.TomcatWebServer] Tomcat initialized with port(s): 8080 (http)
2022-10-27 15:45:13  INFO [org.apache.coyote.http11.Http11NioProtocol] Initializing ProtocolHandler ["http-nio-8080"]
2022-10-27 15:45:13  INFO [org.apache.catalina.core.StandardService] Starting service [Tomcat]
2022-10-27 15:45:13  INFO [org.apache.catalina.core.StandardEngine] Starting Servlet engine: [Apache Tomcat/9.0.68]
2022-10-27 15:45:14  INFO [org.apache.catalina.core.ContainerBase.[Tomcat].[localhost].[/]] Initializing Spring embedded WebApplicationContext
2022-10-27 15:45:14  INFO [org.springframework.boot.web.servlet.context.ServletWebServerApplicationContext] Root WebApplicationContext: initialization completed in 939 ms
2022-10-27 15:45:14  INFO [org.springframework.security.web.DefaultSecurityFilterChain] Will secure any request with [org.springframework.security.web.session.DisableEncodeUrlFilter@7ac48e10, org.springframework.security.web.context.request.async.WebAsyncManagerIntegrationFilter@52354202, org.springframework.security.web.context.SecurityContextPersistenceFilter@681061d6, org.springframework.security.web.header.HeaderWriterFilter@3e6ec74, org.springframework.security.web.authentication.logout.LogoutFilter@703fa45, org.springframework.security.web.authentication.UsernamePasswordAuthenticationFilter@4a2bf50f, org.springframework.security.web.savedrequest.RequestCacheAwareFilter@3caee3a8, org.springframework.security.web.servletapi.SecurityContextHolderAwareRequestFilter@2dd178f3, org.springframework.security.web.authentication.AnonymousAuthenticationFilter@6b1321b7, org.springframework.security.web.session.SessionManagementFilter@6d7ad0f5, org.springframework.security.web.access.ExceptionTranslationFilter@723e3c17, org.springframework.security.web.access.intercept.AuthorizationFilter@43d76a92]
2022-10-27 15:45:14  WARN [org.springframework.security.config.annotation.web.builders.WebSecurity] You are asking Spring Security to ignore Ant [pattern='/static/**']. This is not recommended -- please use permitAll via HttpSecurity#authorizeHttpRequests instead.
2022-10-27 15:45:14  INFO [org.springframework.security.web.DefaultSecurityFilterChain] Will not secure Ant [pattern='/static/**']
2022-10-27 15:45:14  INFO [org.springframework.boot.autoconfigure.web.servlet.WelcomePageHandlerMapping] Adding welcome page template: index
2022-10-27 15:45:14  WARN [org.thymeleaf.templatemode.TemplateMode] [THYMELEAF][main] Template Mode 'HTML5' is deprecated. Using Template Mode 'HTML' instead.
2022-10-27 15:45:14  INFO [com.zaxxer.hikari.HikariDataSource] HikariPool-1 - Starting...
2022-10-27 15:45:14  INFO [jdbc.connection] 1. Connection opened
2022-10-27 15:45:14  INFO [jdbc.audit] 1. Connection.new Connection returned 
2022-10-27 15:45:14  INFO [jdbc.audit] 1. Connection.getNetworkTimeout() returned 0
2022-10-27 15:45:14  INFO [jdbc.audit] 1. Connection.isReadOnly() returned false
2022-10-27 15:45:14  INFO [jdbc.audit] 1. Connection.getAutoCommit() returned true
2022-10-27 15:45:14  INFO [jdbc.audit] 1. Connection.isValid(1) returned true
2022-10-27 15:45:14  INFO [jdbc.audit] 1. Connection.getTransactionIsolation() returned 4
2022-10-27 15:45:14  INFO [com.zaxxer.hikari.HikariDataSource] HikariPool-1 - Start completed.
2022-10-27 15:45:14  INFO [jdbc.audit] 1. Connection.getMetaData() returned com.mysql.cj.jdbc.DatabaseMetaDataUsingInfoSchema@782e6b40
2022-10-27 15:45:14  INFO [jdbc.audit] 1. Connection.clearWarnings() returned 
2022-10-27 15:45:14  INFO [org.apache.coyote.http11.Http11NioProtocol] Starting ProtocolHandler ["http-nio-8080"]
2022-10-27 15:45:14  INFO [org.springframework.boot.web.embedded.tomcat.TomcatWebServer] Tomcat started on port(s): 8080 (http) with context path ''
2022-10-27 15:45:14  INFO [jdbc.connection] 2. Connection opened
2022-10-27 15:45:14  INFO [jdbc.audit] 2. Connection.new Connection returned 
2022-10-27 15:45:14  INFO [com.example.demo.DemoApplication] Started DemoApplication in 2.093 seconds (JVM running for 3.015)
2022-10-27 15:45:14  INFO [jdbc.audit] 2. Connection.isReadOnly() returned false
2022-10-27 15:45:14  INFO [jdbc.audit] 2. Connection.getAutoCommit() returned true
2022-10-27 15:45:14  INFO [jdbc.connection] 3. Connection opened
2022-10-27 15:45:14  INFO [jdbc.audit] 3. Connection.new Connection returned 
2022-10-27 15:45:14  INFO [jdbc.audit] 3. Connection.isReadOnly() returned false
2022-10-27 15:45:14  INFO [jdbc.audit] 3. Connection.getAutoCommit() returned true
2022-10-27 15:45:14  INFO [jdbc.connection] 4. Connection opened
2022-10-27 15:45:14  INFO [jdbc.audit] 4. Connection.new Connection returned 
2022-10-27 15:45:14  INFO [jdbc.audit] 4. Connection.isReadOnly() returned false
2022-10-27 15:45:14  INFO [jdbc.audit] 4. Connection.getAutoCommit() returned true
2022-10-27 15:45:14  INFO [jdbc.connection] 5. Connection opened
2022-10-27 15:45:14  INFO [jdbc.audit] 5. Connection.new Connection returned 
2022-10-27 15:45:14  INFO [jdbc.audit] 5. Connection.isReadOnly() returned false
2022-10-27 15:45:14  INFO [jdbc.audit] 5. Connection.getAutoCommit() returned true
2022-10-27 15:45:14  INFO [jdbc.connection] 6. Connection opened
2022-10-27 15:45:14  INFO [jdbc.audit] 6. Connection.new Connection returned 
2022-10-27 15:45:14  INFO [jdbc.audit] 6. Connection.isReadOnly() returned false
2022-10-27 15:45:14  INFO [jdbc.audit] 6. Connection.getAutoCommit() returned true
2022-10-27 15:45:14  INFO [jdbc.connection] 7. Connection opened
2022-10-27 15:45:14  INFO [jdbc.audit] 7. Connection.new Connection returned 
2022-10-27 15:45:14  INFO [jdbc.audit] 7. Connection.isReadOnly() returned false
2022-10-27 15:45:14  INFO [jdbc.audit] 7. Connection.getAutoCommit() returned true
2022-10-27 15:45:14  INFO [jdbc.connection] 8. Connection opened
2022-10-27 15:45:14  INFO [jdbc.audit] 8. Connection.new Connection returned 
2022-10-27 15:45:14  INFO [jdbc.audit] 8. Connection.isReadOnly() returned false
2022-10-27 15:45:14  INFO [jdbc.audit] 8. Connection.getAutoCommit() returned true
2022-10-27 15:45:14  INFO [jdbc.connection] 9. Connection opened
2022-10-27 15:45:14  INFO [jdbc.audit] 9. Connection.new Connection returned 
2022-10-27 15:45:14  INFO [jdbc.audit] 9. Connection.isReadOnly() returned false
2022-10-27 15:45:14  INFO [jdbc.audit] 9. Connection.getAutoCommit() returned true
2022-10-27 15:45:14  INFO [jdbc.connection] 10. Connection opened
2022-10-27 15:45:14  INFO [jdbc.audit] 10. Connection.new Connection returned 
2022-10-27 15:45:14  INFO [jdbc.audit] 10. Connection.isReadOnly() returned false
2022-10-27 15:45:14  INFO [jdbc.audit] 10. Connection.getAutoCommit() returned true
2022-10-27 15:45:22  INFO [org.apache.catalina.core.ContainerBase.[Tomcat].[localhost].[/]] Initializing Spring DispatcherServlet 'dispatcherServlet'
2022-10-27 15:45:22  INFO [org.springframework.web.servlet.DispatcherServlet] Initializing Servlet 'dispatcherServlet'
2022-10-27 15:45:22  INFO [org.springframework.web.servlet.DispatcherServlet] Completed initialization in 0 ms
2022-10-27 15:45:22  WARN [org.apache.catalina.util.SessionIdGeneratorBase] Creation of SecureRandom instance for session ID generation using [SHA1PRNG] took [157] milliseconds.
2022-10-27 15:45:25  INFO [jdbc.audit] 1. Connection.isValid(5) returned true
2022-10-27 15:45:25  INFO [jdbc.audit] 1. Connection.getAutoCommit() returned true
2022-10-27 15:45:25  INFO [jdbc.audit] 1. PreparedStatement.new PreparedStatement returned 
2022-10-27 15:45:25  INFO [jdbc.audit] 1. Connection.prepareStatement(SELECT *
        FROM TEST_TABLE
        WHERE id = ?) returned net.sf.log4jdbc.sql.jdbcapi.PreparedStatementSpy@81f6961
2022-10-27 15:45:25  INFO [jdbc.audit] 1. PreparedStatement.setString(1, "admin") returned 
2022-10-27 15:45:25  INFO [jdbc.sqlonly] SELECT *
        FROM TEST_TABLE
        WHERE id = 'admin'

2022-10-27 15:45:25  INFO [jdbc.sqltiming] SELECT *
        FROM TEST_TABLE
        WHERE id = 'admin'
 {executed in 8 msec}
2022-10-27 15:45:25  INFO [jdbc.audit] 1. PreparedStatement.execute() returned true
2022-10-27 15:45:25  INFO [jdbc.resultset] 1. ResultSet.new ResultSet returned 
2022-10-27 15:45:25  INFO [jdbc.audit] 1. PreparedStatement.getResultSet() returned net.sf.log4jdbc.sql.jdbcapi.ResultSetSpy@1eb937e6
2022-10-27 15:45:25  INFO [jdbc.resultset] 1. ResultSet.getMetaData() returned com.mysql.cj.jdbc.result.ResultSetMetaData@79b4c84 - Field level information: 
	com.mysql.cj.result.Field@680b0049[dbName=demodb,tableName=TEST_TABLE,originalTableName=test_table,columnName=id,originalColumnName=id,mysqlType=253(FIELD_TYPE_VARCHAR),sqlType=12,flags= PRIMARY_KEY, charsetIndex=255, charsetName=utf8]
	com.mysql.cj.result.Field@78d6b767[dbName=demodb,tableName=TEST_TABLE,originalTableName=test_table,columnName=name,originalColumnName=name,mysqlType=253(FIELD_TYPE_VARCHAR),sqlType=12,flags=, charsetIndex=255, charsetName=utf8]
	com.mysql.cj.result.Field@65428691[dbName=demodb,tableName=TEST_TABLE,originalTableName=test_table,columnName=password,originalColumnName=password,mysqlType=253(FIELD_TYPE_VARCHAR),sqlType=12,flags=, charsetIndex=255, charsetName=utf8]
	com.mysql.cj.result.Field@38e019d1[dbName=demodb,tableName=TEST_TABLE,originalTableName=test_table,columnName=auth,originalColumnName=auth,mysqlType=253(FIELD_TYPE_VARCHAR),sqlType=12,flags=, charsetIndex=255, charsetName=utf8]
	com.mysql.cj.result.Field@8d95fcc[dbName=demodb,tableName=TEST_TABLE,originalTableName=test_table,columnName=enable,originalColumnName=enable,mysqlType=1(FIELD_TYPE_BIT),sqlType=-7,flags=, charsetIndex=63, charsetName=ISO-8859-1]
2022-10-27 15:45:25  INFO [jdbc.resultset] 1. ResultSet.getType() returned 1003
2022-10-27 15:45:25  INFO [jdbc.resultset] 1. ResultSet.isClosed() returned false
2022-10-27 15:45:25  INFO [jdbc.resultset] 1. ResultSet.next() returned true
2022-10-27 15:45:25  INFO [jdbc.resultset] 1. ResultSet.getString(id) returned admin
2022-10-27 15:45:25  INFO [jdbc.resultset] 1. ResultSet.getString(name) returned admin
2022-10-27 15:45:25  INFO [jdbc.resultset] 1. ResultSet.getString(password) returned $2a$10$PjOaGZGdSASpZi1quS1y5ukgAQRsGPivnbcAjYbFx7upXKHMIbHGK
2022-10-27 15:45:25  INFO [jdbc.resultset] 1. ResultSet.getString(auth) returned ROLE_ADMIN
2022-10-27 15:45:25  INFO [jdbc.resultset] 1. ResultSet.getInt(enable) returned 1
2022-10-27 15:45:25  INFO [jdbc.resultset] 1. ResultSet.isClosed() returned false
2022-10-27 15:45:25  INFO [jdbc.resultsettable] 
|------|------|-------------------------------------------------------------|-----------|-------|
|id    |name  |password                                                     |auth       |enable |
|------|------|-------------------------------------------------------------|-----------|-------|
|admin |admin |$2a$10$PjOaGZGdSASpZi1quS1y5ukgAQRsGPivnbcAjYbFx7upXKHMIbHGK |ROLE_ADMIN |1      |
|------|------|-------------------------------------------------------------|-----------|-------|

2022-10-27 15:45:25  INFO [jdbc.resultset] 1. ResultSet.next() returned false
2022-10-27 15:45:25  INFO [jdbc.resultset] 1. ResultSet.close() returned void
2022-10-27 15:45:25  INFO [jdbc.audit] 1. Connection.getMetaData() returned com.mysql.cj.jdbc.DatabaseMetaDataUsingInfoSchema@6316c8ca
2022-10-27 15:45:25  INFO [jdbc.audit] 1. PreparedStatement.getMoreResults() returned false
2022-10-27 15:45:25  INFO [jdbc.audit] 1. PreparedStatement.getUpdateCount() returned -1
2022-10-27 15:45:25  INFO [jdbc.audit] 1. PreparedStatement.close() returned 
2022-10-27 15:45:25  INFO [jdbc.audit] 1. Connection.clearWarnings() returned 
2022-10-27 15:45:25  INFO [com.example.demo.controller.TestController] index
2022-10-27 15:45:40  INFO [com.zaxxer.hikari.HikariDataSource] HikariPool-1 - Shutdown initiated...
2022-10-27 15:45:40  INFO [jdbc.connection] 1. Connection closed
2022-10-27 15:45:40  INFO [jdbc.audit] 1. Connection.close() returned 
2022-10-27 15:45:40  INFO [jdbc.connection] 2. Connection closed
2022-10-27 15:45:40  INFO [jdbc.audit] 2. Connection.close() returned 
2022-10-27 15:45:40  INFO [jdbc.connection] 3. Connection closed
2022-10-27 15:45:40  INFO [jdbc.audit] 3. Connection.close() returned 
2022-10-27 15:45:40  INFO [jdbc.connection] 4. Connection closed
2022-10-27 15:45:40  INFO [jdbc.audit] 4. Connection.close() returned 
2022-10-27 15:45:40  INFO [jdbc.connection] 5. Connection closed
2022-10-27 15:45:40  INFO [jdbc.audit] 5. Connection.close() returned 
2022-10-27 15:45:40  INFO [jdbc.connection] 6. Connection closed
2022-10-27 15:45:40  INFO [jdbc.audit] 6. Connection.close() returned 
2022-10-27 15:45:40  INFO [jdbc.connection] 7. Connection closed
2022-10-27 15:45:40  INFO [jdbc.audit] 7. Connection.close() returned 
2022-10-27 15:45:40  INFO [jdbc.connection] 8. Connection closed
2022-10-27 15:45:40  INFO [jdbc.audit] 8. Connection.close() returned 
2022-10-27 15:45:40  INFO [jdbc.connection] 9. Connection closed
2022-10-27 15:45:40  INFO [jdbc.audit] 9. Connection.close() returned 
2022-10-27 15:45:40  INFO [jdbc.connection] 10. Connection closed
2022-10-27 15:45:40  INFO [jdbc.audit] 10. Connection.close() returned 
2022-10-27 15:45:40  INFO [com.zaxxer.hikari.HikariDataSource] HikariPool-1 - Shutdown completed.
2022-10-27 15:45:43  INFO [com.example.demo.DemoApplication] Starting DemoApplication using Java 11 on RTNB119 with PID 13256 (D:\spring-study\demo\build\classes\java\main started by sunshine4437 in D:\spring-study\demo)
2022-10-27 15:45:44  INFO [com.example.demo.DemoApplication] No active profile set, falling back to 1 default profile: "default"
2022-10-27 15:45:44  INFO [org.springframework.data.repository.config.RepositoryConfigurationDelegate] Bootstrapping Spring Data JDBC repositories in DEFAULT mode.
2022-10-27 15:45:44  INFO [org.springframework.data.repository.config.RepositoryConfigurationDelegate] Finished Spring Data repository scanning in 6 ms. Found 0 JDBC repository interfaces.
2022-10-27 15:45:44  INFO [org.springframework.boot.web.embedded.tomcat.TomcatWebServer] Tomcat initialized with port(s): 8080 (http)
2022-10-27 15:45:44  INFO [org.apache.coyote.http11.Http11NioProtocol] Initializing ProtocolHandler ["http-nio-8080"]
2022-10-27 15:45:44  INFO [org.apache.catalina.core.StandardService] Starting service [Tomcat]
2022-10-27 15:45:44  INFO [org.apache.catalina.core.StandardEngine] Starting Servlet engine: [Apache Tomcat/9.0.68]
2022-10-27 15:45:44  INFO [org.apache.catalina.core.ContainerBase.[Tomcat].[localhost].[/]] Initializing Spring embedded WebApplicationContext
2022-10-27 15:45:44  INFO [org.springframework.boot.web.servlet.context.ServletWebServerApplicationContext] Root WebApplicationContext: initialization completed in 907 ms
2022-10-27 15:45:45  INFO [org.springframework.security.web.DefaultSecurityFilterChain] Will secure any request with [org.springframework.security.web.session.DisableEncodeUrlFilter@7d59e968, org.springframework.security.web.context.request.async.WebAsyncManagerIntegrationFilter@55361f03, org.springframework.security.web.context.SecurityContextPersistenceFilter@64f4f12, org.springframework.security.web.header.HeaderWriterFilter@6d294ddc, org.springframework.security.web.authentication.logout.LogoutFilter@231cdda8, org.springframework.security.web.authentication.UsernamePasswordAuthenticationFilter@14f060b8, org.springframework.security.web.savedrequest.RequestCacheAwareFilter@6b0f266e, org.springframework.security.web.servletapi.SecurityContextHolderAwareRequestFilter@70881123, org.springframework.security.web.authentication.AnonymousAuthenticationFilter@581c9bb7, org.springframework.security.web.session.SessionManagementFilter@50bc3219, org.springframework.security.web.access.ExceptionTranslationFilter@2dfa02c1, org.springframework.security.web.access.intercept.AuthorizationFilter@6d4a82]
2022-10-27 15:45:45  WARN [org.springframework.security.config.annotation.web.builders.WebSecurity] You are asking Spring Security to ignore Ant [pattern='/static/**']. This is not recommended -- please use permitAll via HttpSecurity#authorizeHttpRequests instead.
2022-10-27 15:45:45  INFO [org.springframework.security.web.DefaultSecurityFilterChain] Will not secure Ant [pattern='/static/**']
2022-10-27 15:45:45  INFO [org.springframework.boot.autoconfigure.web.servlet.WelcomePageHandlerMapping] Adding welcome page template: index
2022-10-27 15:45:45  WARN [org.thymeleaf.templatemode.TemplateMode] [THYMELEAF][main] Template Mode 'HTML5' is deprecated. Using Template Mode 'HTML' instead.
2022-10-27 15:45:45  INFO [com.zaxxer.hikari.HikariDataSource] HikariPool-1 - Starting...
2022-10-27 15:45:45  INFO [jdbc.connection] 1. Connection opened
2022-10-27 15:45:45  INFO [jdbc.audit] 1. Connection.new Connection returned 
2022-10-27 15:45:45  INFO [jdbc.audit] 1. Connection.getNetworkTimeout() returned 0
2022-10-27 15:45:45  INFO [jdbc.audit] 1. Connection.isReadOnly() returned false
2022-10-27 15:45:45  INFO [jdbc.audit] 1. Connection.getAutoCommit() returned true
2022-10-27 15:45:45  INFO [jdbc.audit] 1. Connection.isValid(1) returned true
2022-10-27 15:45:45  INFO [jdbc.audit] 1. Connection.getTransactionIsolation() returned 4
2022-10-27 15:45:45  INFO [com.zaxxer.hikari.HikariDataSource] HikariPool-1 - Start completed.
2022-10-27 15:45:45  INFO [jdbc.audit] 1. Connection.getMetaData() returned com.mysql.cj.jdbc.DatabaseMetaDataUsingInfoSchema@2c815fdc
2022-10-27 15:45:45  INFO [jdbc.audit] 1. Connection.clearWarnings() returned 
2022-10-27 15:45:45  INFO [org.apache.coyote.http11.Http11NioProtocol] Starting ProtocolHandler ["http-nio-8080"]
2022-10-27 15:45:45  INFO [org.springframework.boot.web.embedded.tomcat.TomcatWebServer] Tomcat started on port(s): 8080 (http) with context path ''
2022-10-27 15:45:45  INFO [com.example.demo.DemoApplication] Started DemoApplication in 2.049 seconds (JVM running for 2.893)
2022-10-27 15:45:45  INFO [jdbc.connection] 2. Connection opened
2022-10-27 15:45:45  INFO [jdbc.audit] 2. Connection.new Connection returned 
2022-10-27 15:45:45  INFO [jdbc.audit] 2. Connection.isReadOnly() returned false
2022-10-27 15:45:45  INFO [jdbc.audit] 2. Connection.getAutoCommit() returned true
2022-10-27 15:45:45  INFO [jdbc.connection] 3. Connection opened
2022-10-27 15:45:45  INFO [jdbc.audit] 3. Connection.new Connection returned 
2022-10-27 15:45:45  INFO [jdbc.audit] 3. Connection.isReadOnly() returned false
2022-10-27 15:45:45  INFO [jdbc.audit] 3. Connection.getAutoCommit() returned true
2022-10-27 15:45:45  INFO [jdbc.connection] 4. Connection opened
2022-10-27 15:45:45  INFO [jdbc.audit] 4. Connection.new Connection returned 
2022-10-27 15:45:45  INFO [jdbc.audit] 4. Connection.isReadOnly() returned false
2022-10-27 15:45:45  INFO [jdbc.audit] 4. Connection.getAutoCommit() returned true
2022-10-27 15:45:45  INFO [jdbc.connection] 5. Connection opened
2022-10-27 15:45:45  INFO [jdbc.audit] 5. Connection.new Connection returned 
2022-10-27 15:45:45  INFO [jdbc.audit] 5. Connection.isReadOnly() returned false
2022-10-27 15:45:45  INFO [jdbc.audit] 5. Connection.getAutoCommit() returned true
2022-10-27 15:45:45  INFO [jdbc.connection] 6. Connection opened
2022-10-27 15:45:45  INFO [jdbc.audit] 6. Connection.new Connection returned 
2022-10-27 15:45:45  INFO [jdbc.audit] 6. Connection.isReadOnly() returned false
2022-10-27 15:45:45  INFO [jdbc.audit] 6. Connection.getAutoCommit() returned true
2022-10-27 15:45:45  INFO [jdbc.connection] 7. Connection opened
2022-10-27 15:45:45  INFO [jdbc.audit] 7. Connection.new Connection returned 
2022-10-27 15:45:45  INFO [jdbc.audit] 7. Connection.isReadOnly() returned false
2022-10-27 15:45:45  INFO [jdbc.audit] 7. Connection.getAutoCommit() returned true
2022-10-27 15:45:45  INFO [jdbc.connection] 8. Connection opened
2022-10-27 15:45:45  INFO [jdbc.audit] 8. Connection.new Connection returned 
2022-10-27 15:45:45  INFO [jdbc.audit] 8. Connection.isReadOnly() returned false
2022-10-27 15:45:45  INFO [jdbc.audit] 8. Connection.getAutoCommit() returned true
2022-10-27 15:45:45  INFO [jdbc.connection] 9. Connection opened
2022-10-27 15:45:45  INFO [jdbc.audit] 9. Connection.new Connection returned 
2022-10-27 15:45:45  INFO [jdbc.audit] 9. Connection.isReadOnly() returned false
2022-10-27 15:45:45  INFO [jdbc.audit] 9. Connection.getAutoCommit() returned true
2022-10-27 15:45:45  INFO [jdbc.connection] 10. Connection opened
2022-10-27 15:45:45  INFO [jdbc.audit] 10. Connection.new Connection returned 
2022-10-27 15:45:45  INFO [jdbc.audit] 10. Connection.isReadOnly() returned false
2022-10-27 15:45:45  INFO [jdbc.audit] 10. Connection.getAutoCommit() returned true
2022-10-27 15:47:25  INFO [org.apache.catalina.core.ContainerBase.[Tomcat].[localhost].[/]] Initializing Spring DispatcherServlet 'dispatcherServlet'
2022-10-27 15:47:25  INFO [org.springframework.web.servlet.DispatcherServlet] Initializing Servlet 'dispatcherServlet'
2022-10-27 15:47:25  INFO [org.springframework.web.servlet.DispatcherServlet] Completed initialization in 2 ms
2022-10-27 15:47:25  WARN [org.apache.catalina.util.SessionIdGeneratorBase] Creation of SecureRandom instance for session ID generation using [SHA1PRNG] took [219] milliseconds.
2022-10-27 15:47:29  INFO [jdbc.audit] 1. Connection.isValid(5) returned true
2022-10-27 15:47:29  INFO [jdbc.audit] 1. Connection.getAutoCommit() returned true
2022-10-27 15:47:29  INFO [jdbc.audit] 1. PreparedStatement.new PreparedStatement returned 
2022-10-27 15:47:29  INFO [jdbc.audit] 1. Connection.prepareStatement(SELECT *
        FROM TEST_TABLE
        WHERE id = ?) returned net.sf.log4jdbc.sql.jdbcapi.PreparedStatementSpy@51b45c59
2022-10-27 15:47:29  INFO [jdbc.audit] 1. PreparedStatement.setString(1, "admin") returned 
2022-10-27 15:47:29  INFO [jdbc.sqlonly] SELECT * FROM TEST_TABLE WHERE id = 'admin' 

2022-10-27 15:47:29  INFO [jdbc.sqltiming] SELECT * FROM TEST_TABLE WHERE id = 'admin' 
 {executed in 7 msec}
2022-10-27 15:47:29  INFO [jdbc.audit] 1. PreparedStatement.execute() returned true
2022-10-27 15:47:29  INFO [jdbc.resultset] 1. ResultSet.new ResultSet returned 
2022-10-27 15:47:29  INFO [jdbc.audit] 1. PreparedStatement.getResultSet() returned net.sf.log4jdbc.sql.jdbcapi.ResultSetSpy@5bfa42e7
2022-10-27 15:47:29  INFO [jdbc.resultset] 1. ResultSet.getMetaData() returned com.mysql.cj.jdbc.result.ResultSetMetaData@5c06c833 - Field level information: 
	com.mysql.cj.result.Field@721fdcc6[dbName=demodb,tableName=TEST_TABLE,originalTableName=test_table,columnName=id,originalColumnName=id,mysqlType=253(FIELD_TYPE_VARCHAR),sqlType=12,flags= PRIMARY_KEY, charsetIndex=255, charsetName=utf8]
	com.mysql.cj.result.Field@79fdb483[dbName=demodb,tableName=TEST_TABLE,originalTableName=test_table,columnName=name,originalColumnName=name,mysqlType=253(FIELD_TYPE_VARCHAR),sqlType=12,flags=, charsetIndex=255, charsetName=utf8]
	com.mysql.cj.result.Field@3daaef1c[dbName=demodb,tableName=TEST_TABLE,originalTableName=test_table,columnName=password,originalColumnName=password,mysqlType=253(FIELD_TYPE_VARCHAR),sqlType=12,flags=, charsetIndex=255, charsetName=utf8]
	com.mysql.cj.result.Field@5787efca[dbName=demodb,tableName=TEST_TABLE,originalTableName=test_table,columnName=auth,originalColumnName=auth,mysqlType=253(FIELD_TYPE_VARCHAR),sqlType=12,flags=, charsetIndex=255, charsetName=utf8]
	com.mysql.cj.result.Field@5b72e010[dbName=demodb,tableName=TEST_TABLE,originalTableName=test_table,columnName=enable,originalColumnName=enable,mysqlType=1(FIELD_TYPE_BIT),sqlType=-7,flags=, charsetIndex=63, charsetName=ISO-8859-1]
2022-10-27 15:47:29  INFO [jdbc.resultset] 1. ResultSet.getType() returned 1003
2022-10-27 15:47:29  INFO [jdbc.resultset] 1. ResultSet.isClosed() returned false
2022-10-27 15:47:29  INFO [jdbc.resultset] 1. ResultSet.next() returned true
2022-10-27 15:47:29  INFO [jdbc.resultset] 1. ResultSet.getString(id) returned admin
2022-10-27 15:47:31  INFO [jdbc.resultset] 1. ResultSet.getString(name) returned admin
2022-10-27 15:47:31  INFO [jdbc.resultset] 1. ResultSet.getString(password) returned $2a$10$PjOaGZGdSASpZi1quS1y5ukgAQRsGPivnbcAjYbFx7upXKHMIbHGK
2022-10-27 15:47:31  INFO [jdbc.resultset] 1. ResultSet.getString(auth) returned ROLE_ADMIN
2022-10-27 15:47:31  INFO [jdbc.resultset] 1. ResultSet.getInt(enable) returned 1
2022-10-27 15:47:31  INFO [jdbc.resultset] 1. ResultSet.isClosed() returned false
2022-10-27 15:47:31  INFO [jdbc.resultsettable] 
|------|------|-------------------------------------------------------------|-----------|-------|
|id    |name  |password                                                     |auth       |enable |
|------|------|-------------------------------------------------------------|-----------|-------|
|admin |admin |$2a$10$PjOaGZGdSASpZi1quS1y5ukgAQRsGPivnbcAjYbFx7upXKHMIbHGK |ROLE_ADMIN |1      |
|------|------|-------------------------------------------------------------|-----------|-------|

2022-10-27 15:47:31  INFO [jdbc.resultset] 1. ResultSet.next() returned false
2022-10-27 15:47:31  INFO [jdbc.resultset] 1. ResultSet.close() returned void
2022-10-27 15:47:31  INFO [jdbc.audit] 1. Connection.getMetaData() returned com.mysql.cj.jdbc.DatabaseMetaDataUsingInfoSchema@58a9217a
2022-10-27 15:47:31  INFO [jdbc.audit] 1. PreparedStatement.getMoreResults() returned false
2022-10-27 15:47:31  INFO [jdbc.audit] 1. PreparedStatement.getUpdateCount() returned -1
2022-10-27 15:47:31  INFO [jdbc.audit] 1. PreparedStatement.close() returned 
2022-10-27 15:47:31  INFO [jdbc.audit] 1. Connection.clearWarnings() returned 
2022-10-27 15:47:31  INFO [com.example.demo.controller.TestController] index
2022-10-27 15:49:35  INFO [com.zaxxer.hikari.HikariDataSource] HikariPool-1 - Shutdown initiated...
2022-10-27 15:49:35  INFO [jdbc.connection] 1. Connection closed
2022-10-27 15:49:35  INFO [jdbc.audit] 1. Connection.close() returned 
2022-10-27 15:49:35  INFO [jdbc.connection] 2. Connection closed
2022-10-27 15:49:35  INFO [jdbc.audit] 2. Connection.close() returned 
2022-10-27 15:49:35  INFO [jdbc.connection] 3. Connection closed
2022-10-27 15:49:35  INFO [jdbc.audit] 3. Connection.close() returned 
2022-10-27 15:49:35  INFO [jdbc.connection] 4. Connection closed
2022-10-27 15:49:35  INFO [jdbc.audit] 4. Connection.close() returned 
2022-10-27 15:49:35  INFO [jdbc.connection] 5. Connection closed
2022-10-27 15:49:35  INFO [jdbc.audit] 5. Connection.close() returned 
2022-10-27 15:49:35  INFO [jdbc.connection] 6. Connection closed
2022-10-27 15:49:35  INFO [jdbc.audit] 6. Connection.close() returned 
2022-10-27 15:49:35  INFO [jdbc.connection] 7. Connection closed
2022-10-27 15:49:35  INFO [jdbc.audit] 7. Connection.close() returned 
2022-10-27 15:49:35  INFO [jdbc.connection] 8. Connection closed
2022-10-27 15:49:35  INFO [jdbc.audit] 8. Connection.close() returned 
2022-10-27 15:49:35  INFO [jdbc.connection] 9. Connection closed
2022-10-27 15:49:35  INFO [jdbc.audit] 9. Connection.close() returned 
2022-10-27 15:49:35  INFO [jdbc.connection] 10. Connection closed
2022-10-27 15:49:35  INFO [jdbc.audit] 10. Connection.close() returned 
2022-10-27 15:49:35  INFO [com.zaxxer.hikari.HikariDataSource] HikariPool-1 - Shutdown completed.
2022-10-27 15:49:40  INFO [com.example.demo.DemoApplication] Starting DemoApplication using Java 11 on RTNB119 with PID 680 (D:\spring-study\demo\build\classes\java\main started by sunshine4437 in D:\spring-study\demo)
2022-10-27 15:49:40  INFO [com.example.demo.DemoApplication] No active profile set, falling back to 1 default profile: "default"
2022-10-27 15:49:40  INFO [org.springframework.data.repository.config.RepositoryConfigurationDelegate] Bootstrapping Spring Data JDBC repositories in DEFAULT mode.
2022-10-27 15:49:40  INFO [org.springframework.data.repository.config.RepositoryConfigurationDelegate] Finished Spring Data repository scanning in 5 ms. Found 0 JDBC repository interfaces.
2022-10-27 15:49:41  INFO [org.springframework.boot.web.embedded.tomcat.TomcatWebServer] Tomcat initialized with port(s): 8080 (http)
2022-10-27 15:49:41  INFO [org.apache.coyote.http11.Http11NioProtocol] Initializing ProtocolHandler ["http-nio-8080"]
2022-10-27 15:49:41  INFO [org.apache.catalina.core.StandardService] Starting service [Tomcat]
2022-10-27 15:49:41  INFO [org.apache.catalina.core.StandardEngine] Starting Servlet engine: [Apache Tomcat/9.0.68]
2022-10-27 15:49:41  INFO [org.apache.catalina.core.ContainerBase.[Tomcat].[localhost].[/]] Initializing Spring embedded WebApplicationContext
2022-10-27 15:49:41  INFO [org.springframework.boot.web.servlet.context.ServletWebServerApplicationContext] Root WebApplicationContext: initialization completed in 879 ms
2022-10-27 15:49:41  INFO [org.springframework.security.web.DefaultSecurityFilterChain] Will secure any request with [org.springframework.security.web.session.DisableEncodeUrlFilter@7d59e968, org.springframework.security.web.context.request.async.WebAsyncManagerIntegrationFilter@55361f03, org.springframework.security.web.context.SecurityContextPersistenceFilter@64f4f12, org.springframework.security.web.header.HeaderWriterFilter@6d294ddc, org.springframework.security.web.authentication.logout.LogoutFilter@231cdda8, org.springframework.security.web.authentication.UsernamePasswordAuthenticationFilter@14f060b8, org.springframework.security.web.savedrequest.RequestCacheAwareFilter@6b0f266e, org.springframework.security.web.servletapi.SecurityContextHolderAwareRequestFilter@70881123, org.springframework.security.web.authentication.AnonymousAuthenticationFilter@581c9bb7, org.springframework.security.web.session.SessionManagementFilter@50bc3219, org.springframework.security.web.access.ExceptionTranslationFilter@2dfa02c1, org.springframework.security.web.access.intercept.AuthorizationFilter@6d4a82]
2022-10-27 15:49:41  WARN [org.springframework.security.config.annotation.web.builders.WebSecurity] You are asking Spring Security to ignore Ant [pattern='/static/**']. This is not recommended -- please use permitAll via HttpSecurity#authorizeHttpRequests instead.
2022-10-27 15:49:41  INFO [org.springframework.security.web.DefaultSecurityFilterChain] Will not secure Ant [pattern='/static/**']
2022-10-27 15:49:41  INFO [org.springframework.boot.autoconfigure.web.servlet.WelcomePageHandlerMapping] Adding welcome page template: index
2022-10-27 15:49:41  WARN [org.thymeleaf.templatemode.TemplateMode] [THYMELEAF][main] Template Mode 'HTML5' is deprecated. Using Template Mode 'HTML' instead.
2022-10-27 15:49:41  INFO [com.zaxxer.hikari.HikariDataSource] HikariPool-1 - Starting...
2022-10-27 15:49:41  INFO [com.zaxxer.hikari.HikariDataSource] HikariPool-1 - Start completed.
2022-10-27 15:49:41  INFO [org.apache.coyote.http11.Http11NioProtocol] Starting ProtocolHandler ["http-nio-8080"]
2022-10-27 15:49:41  INFO [org.springframework.boot.web.embedded.tomcat.TomcatWebServer] Tomcat started on port(s): 8080 (http) with context path ''
2022-10-27 15:49:41  INFO [com.example.demo.DemoApplication] Started DemoApplication in 1.979 seconds (JVM running for 3.213)
2022-10-27 15:49:57  INFO [org.apache.catalina.core.ContainerBase.[Tomcat].[localhost].[/]] Initializing Spring DispatcherServlet 'dispatcherServlet'
2022-10-27 15:49:57  INFO [org.springframework.web.servlet.DispatcherServlet] Initializing Servlet 'dispatcherServlet'
2022-10-27 15:49:57  INFO [org.springframework.web.servlet.DispatcherServlet] Completed initialization in 1 ms
2022-10-27 15:49:57  WARN [org.apache.catalina.util.SessionIdGeneratorBase] Creation of SecureRandom instance for session ID generation using [SHA1PRNG] took [153] milliseconds.
2022-10-27 15:50:01 DEBUG [jdbc.sqltiming]  com.zaxxer.hikari.pool.ProxyPreparedStatement.execute(ProxyPreparedStatement.java:44)
1. SELECT *
        FROM TEST_TABLE
        WHERE id = 'admin'
 {executed in 6 msec}
2022-10-27 15:50:01  INFO [jdbc.resultsettable] 
|------|------|-------------------------------------------------------------|-----------|-------|
|id    |name  |password                                                     |auth       |enable |
|------|------|-------------------------------------------------------------|-----------|-------|
|admin |admin |$2a$10$PjOaGZGdSASpZi1quS1y5ukgAQRsGPivnbcAjYbFx7upXKHMIbHGK |ROLE_ADMIN |1      |
|------|------|-------------------------------------------------------------|-----------|-------|

2022-10-27 15:50:01  INFO [com.example.demo.controller.TestController] index
2022-10-27 15:50:50  INFO [com.zaxxer.hikari.HikariDataSource] HikariPool-1 - Shutdown initiated...
2022-10-27 15:50:50  INFO [com.zaxxer.hikari.HikariDataSource] HikariPool-1 - Shutdown completed.
2022-10-27 15:50:53  INFO [com.example.demo.DemoApplication] Starting DemoApplication using Java 11 on RTNB119 with PID 21660 (D:\spring-study\demo\build\classes\java\main started by sunshine4437 in D:\spring-study\demo)
2022-10-27 15:50:53  INFO [com.example.demo.DemoApplication] No active profile set, falling back to 1 default profile: "default"
2022-10-27 15:50:54  INFO [org.springframework.data.repository.config.RepositoryConfigurationDelegate] Bootstrapping Spring Data JDBC repositories in DEFAULT mode.
2022-10-27 15:50:54  INFO [org.springframework.data.repository.config.RepositoryConfigurationDelegate] Finished Spring Data repository scanning in 6 ms. Found 0 JDBC repository interfaces.
2022-10-27 15:50:54  INFO [org.springframework.boot.web.embedded.tomcat.TomcatWebServer] Tomcat initialized with port(s): 8080 (http)
2022-10-27 15:50:54  INFO [org.apache.coyote.http11.Http11NioProtocol] Initializing ProtocolHandler ["http-nio-8080"]
2022-10-27 15:50:54  INFO [org.apache.catalina.core.StandardService] Starting service [Tomcat]
2022-10-27 15:50:54  INFO [org.apache.catalina.core.StandardEngine] Starting Servlet engine: [Apache Tomcat/9.0.68]
2022-10-27 15:50:54  INFO [org.apache.catalina.core.ContainerBase.[Tomcat].[localhost].[/]] Initializing Spring embedded WebApplicationContext
2022-10-27 15:50:54  INFO [org.springframework.boot.web.servlet.context.ServletWebServerApplicationContext] Root WebApplicationContext: initialization completed in 880 ms
2022-10-27 15:50:54  INFO [org.springframework.security.web.DefaultSecurityFilterChain] Will secure any request with [org.springframework.security.web.session.DisableEncodeUrlFilter@132e3594, org.springframework.security.web.context.request.async.WebAsyncManagerIntegrationFilter@4f235107, org.springframework.security.web.context.SecurityContextPersistenceFilter@703fa45, org.springframework.security.web.header.HeaderWriterFilter@6b0f266e, org.springframework.security.web.authentication.logout.LogoutFilter@6d4a82, org.springframework.security.web.authentication.UsernamePasswordAuthenticationFilter@5a2ae1ab, org.springframework.security.web.savedrequest.RequestCacheAwareFilter@fddd7ae, org.springframework.security.web.servletapi.SecurityContextHolderAwareRequestFilter@1a914089, org.springframework.security.web.authentication.AnonymousAuthenticationFilter@28d739f1, org.springframework.security.web.session.SessionManagementFilter@53314f76, org.springframework.security.web.access.ExceptionTranslationFilter@64f4f12, org.springframework.security.web.access.intercept.AuthorizationFilter@2eb0cefe]
2022-10-27 15:50:54  WARN [org.springframework.security.config.annotation.web.builders.WebSecurity] You are asking Spring Security to ignore Ant [pattern='/static/**']. This is not recommended -- please use permitAll via HttpSecurity#authorizeHttpRequests instead.
2022-10-27 15:50:54  INFO [org.springframework.security.web.DefaultSecurityFilterChain] Will not secure Ant [pattern='/static/**']
2022-10-27 15:50:54  INFO [org.springframework.boot.autoconfigure.web.servlet.WelcomePageHandlerMapping] Adding welcome page template: index
2022-10-27 15:50:55  WARN [org.thymeleaf.templatemode.TemplateMode] [THYMELEAF][main] Template Mode 'HTML5' is deprecated. Using Template Mode 'HTML' instead.
2022-10-27 15:50:55  INFO [com.zaxxer.hikari.HikariDataSource] HikariPool-1 - Starting...
2022-10-27 15:50:55  INFO [jdbc.connection] 1. Connection opened  com.zaxxer.hikari.util.DriverDataSource.getConnection(DriverDataSource.java:138)
2022-10-27 15:50:55 DEBUG [jdbc.connection] open connections:  1 (1)
2022-10-27 15:50:55  INFO [com.zaxxer.hikari.HikariDataSource] HikariPool-1 - Start completed.
2022-10-27 15:50:55  INFO [org.apache.coyote.http11.Http11NioProtocol] Starting ProtocolHandler ["http-nio-8080"]
2022-10-27 15:50:55  INFO [org.springframework.boot.web.embedded.tomcat.TomcatWebServer] Tomcat started on port(s): 8080 (http) with context path ''
2022-10-27 15:50:55  INFO [com.example.demo.DemoApplication] Started DemoApplication in 1.995 seconds (JVM running for 3.125)
2022-10-27 15:50:55  INFO [jdbc.connection] 2. Connection opened  com.zaxxer.hikari.util.DriverDataSource.getConnection(DriverDataSource.java:138)
2022-10-27 15:50:55 DEBUG [jdbc.connection] open connections:  1 2 (2)
2022-10-27 15:50:55  INFO [jdbc.connection] 3. Connection opened  com.zaxxer.hikari.util.DriverDataSource.getConnection(DriverDataSource.java:138)
2022-10-27 15:50:55 DEBUG [jdbc.connection] open connections:  1 2 3 (3)
2022-10-27 15:50:55  INFO [jdbc.connection] 4. Connection opened  com.zaxxer.hikari.util.DriverDataSource.getConnection(DriverDataSource.java:138)
2022-10-27 15:50:55 DEBUG [jdbc.connection] open connections:  1 2 3 4 (4)
2022-10-27 15:50:55  INFO [jdbc.connection] 5. Connection opened  com.zaxxer.hikari.util.DriverDataSource.getConnection(DriverDataSource.java:138)
2022-10-27 15:50:55 DEBUG [jdbc.connection] open connections:  1 2 3 4 5 (5)
2022-10-27 15:50:55  INFO [jdbc.connection] 6. Connection opened  com.zaxxer.hikari.util.DriverDataSource.getConnection(DriverDataSource.java:138)
2022-10-27 15:50:55 DEBUG [jdbc.connection] open connections:  1 2 3 4 5 6 (6)
2022-10-27 15:50:55  INFO [jdbc.connection] 7. Connection opened  com.zaxxer.hikari.util.DriverDataSource.getConnection(DriverDataSource.java:138)
2022-10-27 15:50:55 DEBUG [jdbc.connection] open connections:  1 2 3 4 5 6 7 (7)
2022-10-27 15:50:55  INFO [jdbc.connection] 8. Connection opened  com.zaxxer.hikari.util.DriverDataSource.getConnection(DriverDataSource.java:138)
2022-10-27 15:50:55 DEBUG [jdbc.connection] open connections:  1 2 3 4 5 6 7 8 (8)
2022-10-27 15:50:55  INFO [jdbc.connection] 9. Connection opened  com.zaxxer.hikari.util.DriverDataSource.getConnection(DriverDataSource.java:138)
2022-10-27 15:50:55 DEBUG [jdbc.connection] open connections:  1 2 3 4 5 6 7 8 9 (9)
2022-10-27 15:50:55  INFO [jdbc.connection] 10. Connection opened  com.zaxxer.hikari.util.DriverDataSource.getConnection(DriverDataSource.java:138)
2022-10-27 15:50:55 DEBUG [jdbc.connection] open connections:  1 2 3 4 5 6 7 8 9 10 (10)
2022-10-27 15:51:19  INFO [com.zaxxer.hikari.HikariDataSource] HikariPool-1 - Shutdown initiated...
2022-10-27 15:51:19  INFO [jdbc.connection] 1. Connection closed  com.zaxxer.hikari.pool.PoolBase.quietlyCloseConnection(PoolBase.java:143)
2022-10-27 15:51:19 DEBUG [jdbc.connection] open connections:  2 3 4 5 6 7 8 9 10 (9)
2022-10-27 15:51:19  INFO [jdbc.connection] 2. Connection closed  com.zaxxer.hikari.pool.PoolBase.quietlyCloseConnection(PoolBase.java:143)
2022-10-27 15:51:19 DEBUG [jdbc.connection] open connections:  3 4 5 6 7 8 9 10 (8)
2022-10-27 15:51:19  INFO [jdbc.connection] 3. Connection closed  com.zaxxer.hikari.pool.PoolBase.quietlyCloseConnection(PoolBase.java:143)
2022-10-27 15:51:19 DEBUG [jdbc.connection] open connections:  4 5 6 7 8 9 10 (7)
2022-10-27 15:51:19  INFO [jdbc.connection] 4. Connection closed  com.zaxxer.hikari.pool.PoolBase.quietlyCloseConnection(PoolBase.java:143)
2022-10-27 15:51:19 DEBUG [jdbc.connection] open connections:  5 6 7 8 9 10 (6)
2022-10-27 15:51:19  INFO [jdbc.connection] 5. Connection closed  com.zaxxer.hikari.pool.PoolBase.quietlyCloseConnection(PoolBase.java:143)
2022-10-27 15:51:19 DEBUG [jdbc.connection] open connections:  6 7 8 9 10 (5)
2022-10-27 15:51:19  INFO [jdbc.connection] 6. Connection closed  com.zaxxer.hikari.pool.PoolBase.quietlyCloseConnection(PoolBase.java:143)
2022-10-27 15:51:19 DEBUG [jdbc.connection] open connections:  7 8 9 10 (4)
2022-10-27 15:51:19  INFO [jdbc.connection] 7. Connection closed  com.zaxxer.hikari.pool.PoolBase.quietlyCloseConnection(PoolBase.java:143)
2022-10-27 15:51:19 DEBUG [jdbc.connection] open connections:  8 9 10 (3)
2022-10-27 15:51:19  INFO [jdbc.connection] 8. Connection closed  com.zaxxer.hikari.pool.PoolBase.quietlyCloseConnection(PoolBase.java:143)
2022-10-27 15:51:19 DEBUG [jdbc.connection] open connections:  9 10 (2)
2022-10-27 15:51:19  INFO [jdbc.connection] 9. Connection closed  com.zaxxer.hikari.pool.PoolBase.quietlyCloseConnection(PoolBase.java:143)
2022-10-27 15:51:19 DEBUG [jdbc.connection] open connections:  10 (1)
2022-10-27 15:51:19  INFO [jdbc.connection] 10. Connection closed  com.zaxxer.hikari.pool.PoolBase.quietlyCloseConnection(PoolBase.java:143)
2022-10-27 15:51:19 DEBUG [jdbc.connection] open connections:  none
2022-10-27 15:51:19  INFO [com.zaxxer.hikari.HikariDataSource] HikariPool-1 - Shutdown completed.
2022-10-27 15:51:22  INFO [com.example.demo.DemoApplication] Starting DemoApplication using Java 11 on RTNB119 with PID 21252 (D:\spring-study\demo\build\classes\java\main started by sunshine4437 in D:\spring-study\demo)
2022-10-27 15:51:22  INFO [com.example.demo.DemoApplication] No active profile set, falling back to 1 default profile: "default"
2022-10-27 15:51:23  INFO [org.springframework.data.repository.config.RepositoryConfigurationDelegate] Bootstrapping Spring Data JDBC repositories in DEFAULT mode.
2022-10-27 15:51:23  INFO [org.springframework.data.repository.config.RepositoryConfigurationDelegate] Finished Spring Data repository scanning in 6 ms. Found 0 JDBC repository interfaces.
2022-10-27 15:51:23  INFO [org.springframework.boot.web.embedded.tomcat.TomcatWebServer] Tomcat initialized with port(s): 8080 (http)
2022-10-27 15:51:23  INFO [org.apache.coyote.http11.Http11NioProtocol] Initializing ProtocolHandler ["http-nio-8080"]
2022-10-27 15:51:23  INFO [org.apache.catalina.core.StandardService] Starting service [Tomcat]
2022-10-27 15:51:23  INFO [org.apache.catalina.core.StandardEngine] Starting Servlet engine: [Apache Tomcat/9.0.68]
2022-10-27 15:51:23  INFO [org.apache.catalina.core.ContainerBase.[Tomcat].[localhost].[/]] Initializing Spring embedded WebApplicationContext
2022-10-27 15:51:23  INFO [org.springframework.boot.web.servlet.context.ServletWebServerApplicationContext] Root WebApplicationContext: initialization completed in 994 ms
2022-10-27 15:51:24  INFO [org.springframework.security.web.DefaultSecurityFilterChain] Will secure any request with [org.springframework.security.web.session.DisableEncodeUrlFilter@486bd064, org.springframework.security.web.context.request.async.WebAsyncManagerIntegrationFilter@6459f4ea, org.springframework.security.web.context.SecurityContextPersistenceFilter@3e6ec74, org.springframework.security.web.header.HeaderWriterFilter@6f91fbda, org.springframework.security.web.authentication.logout.LogoutFilter@6b0f266e, org.springframework.security.web.authentication.UsernamePasswordAuthenticationFilter@3f6cce7f, org.springframework.security.web.savedrequest.RequestCacheAwareFilter@6d7ad0f5, org.springframework.security.web.servletapi.SecurityContextHolderAwareRequestFilter@53d6e959, org.springframework.security.web.authentication.AnonymousAuthenticationFilter@740b9a50, org.springframework.security.web.session.SessionManagementFilter@4ffced4e, org.springframework.security.web.access.ExceptionTranslationFilter@37c7766e, org.springframework.security.web.access.intercept.AuthorizationFilter@fddd7ae]
2022-10-27 15:51:24  WARN [org.springframework.security.config.annotation.web.builders.WebSecurity] You are asking Spring Security to ignore Ant [pattern='/static/**']. This is not recommended -- please use permitAll via HttpSecurity#authorizeHttpRequests instead.
2022-10-27 15:51:24  INFO [org.springframework.security.web.DefaultSecurityFilterChain] Will not secure Ant [pattern='/static/**']
2022-10-27 15:51:24  INFO [org.springframework.boot.autoconfigure.web.servlet.WelcomePageHandlerMapping] Adding welcome page template: index
2022-10-27 15:51:24  WARN [org.thymeleaf.templatemode.TemplateMode] [THYMELEAF][main] Template Mode 'HTML5' is deprecated. Using Template Mode 'HTML' instead.
2022-10-27 15:51:24  INFO [com.zaxxer.hikari.HikariDataSource] HikariPool-1 - Starting...
2022-10-27 15:51:24  INFO [com.zaxxer.hikari.HikariDataSource] HikariPool-1 - Start completed.
2022-10-27 15:51:24  INFO [org.apache.coyote.http11.Http11NioProtocol] Starting ProtocolHandler ["http-nio-8080"]
2022-10-27 15:51:24  INFO [org.springframework.boot.web.embedded.tomcat.TomcatWebServer] Tomcat started on port(s): 8080 (http) with context path ''
2022-10-27 15:51:24  INFO [com.example.demo.DemoApplication] Started DemoApplication in 2.303 seconds (JVM running for 3.402)
2022-10-27 15:51:28  INFO [com.zaxxer.hikari.HikariDataSource] HikariPool-1 - Shutdown initiated...
2022-10-27 15:51:28  INFO [com.zaxxer.hikari.HikariDataSource] HikariPool-1 - Shutdown completed.
2022-10-27 15:51:30  INFO [com.example.demo.DemoApplication] Starting DemoApplication using Java 11 on RTNB119 with PID 9272 (D:\spring-study\demo\build\classes\java\main started by sunshine4437 in D:\spring-study\demo)
2022-10-27 15:51:30  INFO [com.example.demo.DemoApplication] No active profile set, falling back to 1 default profile: "default"
2022-10-27 15:51:31  INFO [org.springframework.data.repository.config.RepositoryConfigurationDelegate] Bootstrapping Spring Data JDBC repositories in DEFAULT mode.
2022-10-27 15:51:31  INFO [org.springframework.data.repository.config.RepositoryConfigurationDelegate] Finished Spring Data repository scanning in 5 ms. Found 0 JDBC repository interfaces.
2022-10-27 15:51:31  INFO [org.springframework.boot.web.embedded.tomcat.TomcatWebServer] Tomcat initialized with port(s): 8080 (http)
2022-10-27 15:51:31  INFO [org.apache.coyote.http11.Http11NioProtocol] Initializing ProtocolHandler ["http-nio-8080"]
2022-10-27 15:51:31  INFO [org.apache.catalina.core.StandardService] Starting service [Tomcat]
2022-10-27 15:51:31  INFO [org.apache.catalina.core.StandardEngine] Starting Servlet engine: [Apache Tomcat/9.0.68]
2022-10-27 15:51:31  INFO [org.apache.catalina.core.ContainerBase.[Tomcat].[localhost].[/]] Initializing Spring embedded WebApplicationContext
2022-10-27 15:51:31  INFO [org.springframework.boot.web.servlet.context.ServletWebServerApplicationContext] Root WebApplicationContext: initialization completed in 919 ms
2022-10-27 15:51:31  INFO [org.springframework.security.web.DefaultSecurityFilterChain] Will secure any request with [org.springframework.security.web.session.DisableEncodeUrlFilter@2506b881, org.springframework.security.web.context.request.async.WebAsyncManagerIntegrationFilter@5d7dd549, org.springframework.security.web.context.SecurityContextPersistenceFilter@6094de13, org.springframework.security.web.header.HeaderWriterFilter@4b7ed03e, org.springframework.security.web.authentication.logout.LogoutFilter@7d0cd23c, org.springframework.security.web.authentication.UsernamePasswordAuthenticationFilter@5e905f2c, org.springframework.security.web.savedrequest.RequestCacheAwareFilter@3e6ec74, org.springframework.security.web.servletapi.SecurityContextHolderAwareRequestFilter@49a38b1, org.springframework.security.web.authentication.AnonymousAuthenticationFilter@486bd064, org.springframework.security.web.session.SessionManagementFilter@6f91fbda, org.springframework.security.web.access.ExceptionTranslationFilter@687389a6, org.springframework.security.web.access.intercept.AuthorizationFilter@703fa45]
2022-10-27 15:51:31  WARN [org.springframework.security.config.annotation.web.builders.WebSecurity] You are asking Spring Security to ignore Ant [pattern='/static/**']. This is not recommended -- please use permitAll via HttpSecurity#authorizeHttpRequests instead.
2022-10-27 15:51:31  INFO [org.springframework.security.web.DefaultSecurityFilterChain] Will not secure Ant [pattern='/static/**']
2022-10-27 15:51:32  INFO [org.springframework.boot.autoconfigure.web.servlet.WelcomePageHandlerMapping] Adding welcome page template: index
2022-10-27 15:51:32  WARN [org.thymeleaf.templatemode.TemplateMode] [THYMELEAF][main] Template Mode 'HTML5' is deprecated. Using Template Mode 'HTML' instead.
2022-10-27 15:51:32  INFO [com.zaxxer.hikari.HikariDataSource] HikariPool-1 - Starting...
2022-10-27 15:51:32  INFO [com.zaxxer.hikari.HikariDataSource] HikariPool-1 - Start completed.
2022-10-27 15:51:32  INFO [org.apache.coyote.http11.Http11NioProtocol] Starting ProtocolHandler ["http-nio-8080"]
2022-10-27 15:51:32  INFO [org.springframework.boot.web.embedded.tomcat.TomcatWebServer] Tomcat started on port(s): 8080 (http) with context path ''
2022-10-27 15:51:32  INFO [com.example.demo.DemoApplication] Started DemoApplication in 2.024 seconds (JVM running for 2.902)
2022-10-27 15:51:37  INFO [org.apache.catalina.core.ContainerBase.[Tomcat].[localhost].[/]] Initializing Spring DispatcherServlet 'dispatcherServlet'
2022-10-27 15:51:37  INFO [org.springframework.web.servlet.DispatcherServlet] Initializing Servlet 'dispatcherServlet'
2022-10-27 15:51:37  INFO [org.springframework.web.servlet.DispatcherServlet] Completed initialization in 1 ms
2022-10-27 15:51:37  WARN [org.apache.catalina.util.SessionIdGeneratorBase] Creation of SecureRandom instance for session ID generation using [SHA1PRNG] took [154] milliseconds.
2022-10-27 15:51:41 DEBUG [jdbc.sqltiming]  com.zaxxer.hikari.pool.ProxyPreparedStatement.execute(ProxyPreparedStatement.java:44)
1. SELECT *
        FROM TEST_TABLE
        WHERE id = 'admin'
 {executed in 8 msec}
2022-10-27 15:51:41  INFO [jdbc.resultsettable] 
|------|------|-------------------------------------------------------------|-----------|-------|
|id    |name  |password                                                     |auth       |enable |
|------|------|-------------------------------------------------------------|-----------|-------|
|admin |admin |$2a$10$PjOaGZGdSASpZi1quS1y5ukgAQRsGPivnbcAjYbFx7upXKHMIbHGK |ROLE_ADMIN |1      |
|------|------|-------------------------------------------------------------|-----------|-------|

2022-10-27 15:51:41  INFO [com.example.demo.controller.TestController] index
2022-10-27 15:51:52  INFO [com.zaxxer.hikari.HikariDataSource] HikariPool-1 - Shutdown initiated...
2022-10-27 15:51:52  INFO [com.zaxxer.hikari.HikariDataSource] HikariPool-1 - Shutdown completed.
2022-10-27 15:51:55  INFO [com.example.demo.DemoApplication] Starting DemoApplication using Java 11 on RTNB119 with PID 13620 (D:\spring-study\demo\build\classes\java\main started by sunshine4437 in D:\spring-study\demo)
2022-10-27 15:51:55  INFO [com.example.demo.DemoApplication] No active profile set, falling back to 1 default profile: "default"
2022-10-27 15:51:56  INFO [org.springframework.data.repository.config.RepositoryConfigurationDelegate] Bootstrapping Spring Data JDBC repositories in DEFAULT mode.
2022-10-27 15:51:56  INFO [org.springframework.data.repository.config.RepositoryConfigurationDelegate] Finished Spring Data repository scanning in 6 ms. Found 0 JDBC repository interfaces.
2022-10-27 15:51:56  INFO [org.springframework.boot.web.embedded.tomcat.TomcatWebServer] Tomcat initialized with port(s): 8080 (http)
2022-10-27 15:51:56  INFO [org.apache.coyote.http11.Http11NioProtocol] Initializing ProtocolHandler ["http-nio-8080"]
2022-10-27 15:51:56  INFO [org.apache.catalina.core.StandardService] Starting service [Tomcat]
2022-10-27 15:51:56  INFO [org.apache.catalina.core.StandardEngine] Starting Servlet engine: [Apache Tomcat/9.0.68]
2022-10-27 15:51:56  INFO [org.apache.catalina.core.ContainerBase.[Tomcat].[localhost].[/]] Initializing Spring embedded WebApplicationContext
2022-10-27 15:51:56  INFO [org.springframework.boot.web.servlet.context.ServletWebServerApplicationContext] Root WebApplicationContext: initialization completed in 902 ms
2022-10-27 15:51:56  INFO [org.springframework.security.web.DefaultSecurityFilterChain] Will secure any request with [org.springframework.security.web.session.DisableEncodeUrlFilter@7d59e968, org.springframework.security.web.context.request.async.WebAsyncManagerIntegrationFilter@55361f03, org.springframework.security.web.context.SecurityContextPersistenceFilter@7d0cd23c, org.springframework.security.web.header.HeaderWriterFilter@50bc3219, org.springframework.security.web.authentication.logout.LogoutFilter@231cdda8, org.springframework.security.web.authentication.UsernamePasswordAuthenticationFilter@14f060b8, org.springframework.security.web.savedrequest.RequestCacheAwareFilter@6b0f266e, org.springframework.security.web.servletapi.SecurityContextHolderAwareRequestFilter@70881123, org.springframework.security.web.authentication.AnonymousAuthenticationFilter@581c9bb7, org.springframework.security.web.session.SessionManagementFilter@22791b75, org.springframework.security.web.access.ExceptionTranslationFilter@5785e813, org.springframework.security.web.access.intercept.AuthorizationFilter@6d4a82]
2022-10-27 15:51:56  WARN [org.springframework.security.config.annotation.web.builders.WebSecurity] You are asking Spring Security to ignore Ant [pattern='/static/**']. This is not recommended -- please use permitAll via HttpSecurity#authorizeHttpRequests instead.
2022-10-27 15:51:56  INFO [org.springframework.security.web.DefaultSecurityFilterChain] Will not secure Ant [pattern='/static/**']
2022-10-27 15:51:56  INFO [org.springframework.boot.autoconfigure.web.servlet.WelcomePageHandlerMapping] Adding welcome page template: index
2022-10-27 15:51:56  WARN [org.thymeleaf.templatemode.TemplateMode] [THYMELEAF][main] Template Mode 'HTML5' is deprecated. Using Template Mode 'HTML' instead.
2022-10-27 15:51:57  INFO [com.zaxxer.hikari.HikariDataSource] HikariPool-1 - Starting...
2022-10-27 15:51:57  INFO [com.zaxxer.hikari.HikariDataSource] HikariPool-1 - Start completed.
2022-10-27 15:51:57  INFO [org.apache.coyote.http11.Http11NioProtocol] Starting ProtocolHandler ["http-nio-8080"]
2022-10-27 15:51:57  INFO [org.springframework.boot.web.embedded.tomcat.TomcatWebServer] Tomcat started on port(s): 8080 (http) with context path ''
2022-10-27 15:51:57  INFO [com.example.demo.DemoApplication] Started DemoApplication in 2.243 seconds (JVM running for 3.722)
2022-10-27 15:52:05  INFO [org.apache.catalina.core.ContainerBase.[Tomcat].[localhost].[/]] Initializing Spring DispatcherServlet 'dispatcherServlet'
2022-10-27 15:52:05  INFO [org.springframework.web.servlet.DispatcherServlet] Initializing Servlet 'dispatcherServlet'
2022-10-27 15:52:05  INFO [org.springframework.web.servlet.DispatcherServlet] Completed initialization in 1 ms
2022-10-27 15:52:05  WARN [org.apache.catalina.util.SessionIdGeneratorBase] Creation of SecureRandom instance for session ID generation using [SHA1PRNG] took [164] milliseconds.
2022-10-27 15:52:08 DEBUG [jdbc.sqltiming]  com.zaxxer.hikari.pool.ProxyPreparedStatement.execute(ProxyPreparedStatement.java:44)
1. SELECT *
        FROM TEST_TABLE
        WHERE id = 'admin'
 {executed in 7 msec}
2022-10-27 15:52:08  INFO [jdbc.resultsettable] 
|------|------|-------------------------------------------------------------|-----------|-------|
|id    |name  |password                                                     |auth       |enable |
|------|------|-------------------------------------------------------------|-----------|-------|
|admin |admin |$2a$10$PjOaGZGdSASpZi1quS1y5ukgAQRsGPivnbcAjYbFx7upXKHMIbHGK |ROLE_ADMIN |1      |
|------|------|-------------------------------------------------------------|-----------|-------|

2022-10-27 15:52:08  INFO [com.example.demo.controller.TestController] index
2022-10-27 15:52:44 DEBUG [jdbc.sqltiming]  com.zaxxer.hikari.pool.ProxyPreparedStatement.execute(ProxyPreparedStatement.java:44)
1. SELECT *
        FROM TEST_TABLE
        WHERE id = 'admin'
 {executed in 1 msec}
2022-10-27 15:52:44  INFO [jdbc.resultsettable] 
|------|------|-------------------------------------------------------------|-----------|-------|
|id    |name  |password                                                     |auth       |enable |
|------|------|-------------------------------------------------------------|-----------|-------|
|admin |admin |$2a$10$PjOaGZGdSASpZi1quS1y5ukgAQRsGPivnbcAjYbFx7upXKHMIbHGK |ROLE_ADMIN |1      |
|------|------|-------------------------------------------------------------|-----------|-------|

2022-10-27 15:52:44  INFO [com.example.demo.controller.TestController] index
2022-10-27 15:54:21  INFO [com.zaxxer.hikari.HikariDataSource] HikariPool-1 - Shutdown initiated...
2022-10-27 15:54:21  INFO [com.zaxxer.hikari.HikariDataSource] HikariPool-1 - Shutdown completed.
2022-10-27 15:54:25  INFO [com.example.demo.DemoApplication] Starting DemoApplication using Java 11 on RTNB119 with PID 3908 (D:\spring-study\demo\build\classes\java\main started by sunshine4437 in D:\spring-study\demo)
2022-10-27 15:54:25  INFO [com.example.demo.DemoApplication] No active profile set, falling back to 1 default profile: "default"
2022-10-27 15:54:25  INFO [org.springframework.data.repository.config.RepositoryConfigurationDelegate] Bootstrapping Spring Data JDBC repositories in DEFAULT mode.
2022-10-27 15:54:25  INFO [org.springframework.data.repository.config.RepositoryConfigurationDelegate] Finished Spring Data repository scanning in 6 ms. Found 0 JDBC repository interfaces.
2022-10-27 15:54:25  INFO [org.springframework.boot.web.embedded.tomcat.TomcatWebServer] Tomcat initialized with port(s): 8080 (http)
2022-10-27 15:54:25  INFO [org.apache.coyote.http11.Http11NioProtocol] Initializing ProtocolHandler ["http-nio-8080"]
2022-10-27 15:54:25  INFO [org.apache.catalina.core.StandardService] Starting service [Tomcat]
2022-10-27 15:54:25  INFO [org.apache.catalina.core.StandardEngine] Starting Servlet engine: [Apache Tomcat/9.0.68]
2022-10-27 15:54:26  INFO [org.apache.catalina.core.ContainerBase.[Tomcat].[localhost].[/]] Initializing Spring embedded WebApplicationContext
2022-10-27 15:54:26  INFO [org.springframework.boot.web.servlet.context.ServletWebServerApplicationContext] Root WebApplicationContext: initialization completed in 877 ms
2022-10-27 15:54:26  INFO [org.springframework.security.web.DefaultSecurityFilterChain] Will secure any request with [org.springframework.security.web.session.DisableEncodeUrlFilter@2506b881, org.springframework.security.web.context.request.async.WebAsyncManagerIntegrationFilter@5d7dd549, org.springframework.security.web.context.SecurityContextPersistenceFilter@6094de13, org.springframework.security.web.header.HeaderWriterFilter@4b7ed03e, org.springframework.security.web.authentication.logout.LogoutFilter@7d0cd23c, org.springframework.security.web.authentication.UsernamePasswordAuthenticationFilter@5e905f2c, org.springframework.security.web.savedrequest.RequestCacheAwareFilter@3e6ec74, org.springframework.security.web.servletapi.SecurityContextHolderAwareRequestFilter@49a38b1, org.springframework.security.web.authentication.AnonymousAuthenticationFilter@486bd064, org.springframework.security.web.session.SessionManagementFilter@6f91fbda, org.springframework.security.web.access.ExceptionTranslationFilter@687389a6, org.springframework.security.web.access.intercept.AuthorizationFilter@703fa45]
2022-10-27 15:54:26  WARN [org.springframework.security.config.annotation.web.builders.WebSecurity] You are asking Spring Security to ignore Ant [pattern='/static/**']. This is not recommended -- please use permitAll via HttpSecurity#authorizeHttpRequests instead.
2022-10-27 15:54:26  INFO [org.springframework.security.web.DefaultSecurityFilterChain] Will not secure Ant [pattern='/static/**']
2022-10-27 15:54:26  INFO [org.springframework.boot.autoconfigure.web.servlet.WelcomePageHandlerMapping] Adding welcome page template: index
2022-10-27 15:54:26  WARN [org.thymeleaf.templatemode.TemplateMode] [THYMELEAF][main] Template Mode 'HTML5' is deprecated. Using Template Mode 'HTML' instead.
2022-10-27 15:54:26  INFO [com.zaxxer.hikari.HikariDataSource] HikariPool-1 - Starting...
2022-10-27 15:54:26  INFO [com.zaxxer.hikari.HikariDataSource] HikariPool-1 - Start completed.
2022-10-27 15:54:26  INFO [org.apache.coyote.http11.Http11NioProtocol] Starting ProtocolHandler ["http-nio-8080"]
2022-10-27 15:54:26  INFO [org.springframework.boot.web.embedded.tomcat.TomcatWebServer] Tomcat started on port(s): 8080 (http) with context path ''
2022-10-27 15:54:26  INFO [com.example.demo.DemoApplication] Started DemoApplication in 2.009 seconds (JVM running for 3.331)
2022-10-27 15:57:50  INFO [org.apache.catalina.core.ContainerBase.[Tomcat].[localhost].[/]] Initializing Spring DispatcherServlet 'dispatcherServlet'
2022-10-27 15:57:50  INFO [org.springframework.web.servlet.DispatcherServlet] Initializing Servlet 'dispatcherServlet'
2022-10-27 15:57:50  INFO [org.springframework.web.servlet.DispatcherServlet] Completed initialization in 1 ms
2022-10-27 15:57:50  WARN [org.apache.catalina.util.SessionIdGeneratorBase] Creation of SecureRandom instance for session ID generation using [SHA1PRNG] took [207] milliseconds.
2022-10-27 15:57:54 DEBUG [jdbc.sqlonly]  com.zaxxer.hikari.pool.ProxyPreparedStatement.execute(ProxyPreparedStatement.java:44)
1. SELECT *
        FROM TEST_TABLE
        WHERE id = 'admin'

2022-10-27 15:57:54 DEBUG [jdbc.sqltiming]  com.zaxxer.hikari.pool.ProxyPreparedStatement.execute(ProxyPreparedStatement.java:44)
1. SELECT *
        FROM TEST_TABLE
        WHERE id = 'admin'
 {executed in 6 msec}
2022-10-27 15:57:54  INFO [jdbc.resultsettable] 
|------|------|-------------------------------------------------------------|-----------|-------|
|id    |name  |password                                                     |auth       |enable |
|------|------|-------------------------------------------------------------|-----------|-------|
|admin |admin |$2a$10$PjOaGZGdSASpZi1quS1y5ukgAQRsGPivnbcAjYbFx7upXKHMIbHGK |ROLE_ADMIN |1      |
|------|------|-------------------------------------------------------------|-----------|-------|

2022-10-27 15:57:55  INFO [com.example.demo.controller.TestController] index
2022-10-27 16:22:29  INFO [com.zaxxer.hikari.HikariDataSource] HikariPool-1 - Shutdown initiated...
2022-10-27 16:22:29  INFO [com.zaxxer.hikari.HikariDataSource] HikariPool-1 - Shutdown completed.
2022-10-27 16:22:32  INFO [com.example.demo.DemoApplication] Starting DemoApplication using Java 11 on RTNB119 with PID 19280 (D:\spring-study\demo\build\classes\java\main started by sunshine4437 in D:\spring-study\demo)
2022-10-27 16:22:32  INFO [com.example.demo.DemoApplication] No active profile set, falling back to 1 default profile: "default"
2022-10-27 16:22:32  INFO [org.springframework.data.repository.config.RepositoryConfigurationDelegate] Bootstrapping Spring Data JDBC repositories in DEFAULT mode.
2022-10-27 16:22:32  INFO [org.springframework.data.repository.config.RepositoryConfigurationDelegate] Finished Spring Data repository scanning in 7 ms. Found 0 JDBC repository interfaces.
2022-10-27 16:22:32  INFO [org.springframework.boot.web.embedded.tomcat.TomcatWebServer] Tomcat initialized with port(s): 8080 (http)
2022-10-27 16:22:32  INFO [org.apache.coyote.http11.Http11NioProtocol] Initializing ProtocolHandler ["http-nio-8080"]
2022-10-27 16:22:32  INFO [org.apache.catalina.core.StandardService] Starting service [Tomcat]
2022-10-27 16:22:32  INFO [org.apache.catalina.core.StandardEngine] Starting Servlet engine: [Apache Tomcat/9.0.68]
2022-10-27 16:22:32  INFO [org.apache.catalina.core.ContainerBase.[Tomcat].[localhost].[/]] Initializing Spring embedded WebApplicationContext
2022-10-27 16:22:32  INFO [org.springframework.boot.web.servlet.context.ServletWebServerApplicationContext] Root WebApplicationContext: initialization completed in 892 ms
2022-10-27 16:22:33  INFO [org.springframework.security.web.DefaultSecurityFilterChain] Will secure any request with [org.springframework.security.web.session.DisableEncodeUrlFilter@787988f4, org.springframework.security.web.context.request.async.WebAsyncManagerIntegrationFilter@132e3594, org.springframework.security.web.context.SecurityContextPersistenceFilter@53314f76, org.springframework.security.web.header.HeaderWriterFilter@37d28938, org.springframework.security.web.authentication.logout.LogoutFilter@723e2d08, org.springframework.security.web.authentication.UsernamePasswordAuthenticationFilter@2eb0cefe, org.springframework.security.web.savedrequest.RequestCacheAwareFilter@5e905f2c, org.springframework.security.web.servletapi.SecurityContextHolderAwareRequestFilter@7b9088f2, org.springframework.security.web.authentication.AnonymousAuthenticationFilter@4f235107, org.springframework.security.web.session.SessionManagementFilter@17c4dc5b, org.springframework.security.web.access.ExceptionTranslationFilter@50bc3219, org.springframework.security.web.access.intercept.AuthorizationFilter@2b6fb197]
2022-10-27 16:22:33  WARN [org.springframework.security.config.annotation.web.builders.WebSecurity] You are asking Spring Security to ignore Ant [pattern='/static/**']. This is not recommended -- please use permitAll via HttpSecurity#authorizeHttpRequests instead.
2022-10-27 16:22:33  INFO [org.springframework.security.web.DefaultSecurityFilterChain] Will not secure Ant [pattern='/static/**']
2022-10-27 16:22:33  INFO [org.springframework.boot.autoconfigure.web.servlet.WelcomePageHandlerMapping] Adding welcome page template: index
2022-10-27 16:22:33  WARN [org.thymeleaf.templatemode.TemplateMode] [THYMELEAF][main] Template Mode 'HTML5' is deprecated. Using Template Mode 'HTML' instead.
2022-10-27 16:22:33  INFO [com.zaxxer.hikari.HikariDataSource] HikariPool-1 - Starting...
2022-10-27 16:22:33  INFO [com.zaxxer.hikari.HikariDataSource] HikariPool-1 - Start completed.
2022-10-27 16:22:33  INFO [org.apache.coyote.http11.Http11NioProtocol] Starting ProtocolHandler ["http-nio-8080"]
2022-10-27 16:22:33  INFO [org.springframework.boot.web.embedded.tomcat.TomcatWebServer] Tomcat started on port(s): 8080 (http) with context path ''
2022-10-27 16:22:33  INFO [com.example.demo.DemoApplication] Started DemoApplication in 1.981 seconds (JVM running for 2.897)
2022-10-27 16:27:28  INFO [com.zaxxer.hikari.HikariDataSource] HikariPool-1 - Shutdown initiated...
2022-10-27 16:27:28  INFO [com.zaxxer.hikari.HikariDataSource] HikariPool-1 - Shutdown completed.
